build/app/outputs/mapping/release/mapping.txt
# compiler: R8
# compiler_version: 1.5.69
# min_api: 16
# pg_map_id: ce2f648
...
io.grpc.internal.DnsNameResolverProvider -> c.a.n1.e0:
    java.lang.String getDefaultScheme() -> a
    io.grpc.NameResolver newNameResolver(java.net.URI,io.grpc.NameResolver$Args) -> a
    io.grpc.internal.DnsNameResolver newNameResolver(java.net.URI,io.grpc.NameResolver$Args) -> a
    boolean isAvailable() -> b
    int priority() -> c
io.grpc.internal.ExponentialBackoffPolicy -> c.a.n1.f0:
    long nextBackoffNanos -> f
    long initialBackoffNanos -> b
    double multiplier -> d
    java.util.Random random -> a
    long maxBackoffNanos -> c
    double jitter -> e
    long nextBackoffNanos() -> a
    long uniformRandom(double,double) -> a
io.grpc.internal.ExponentialBackoffPolicy$Provider -> c.a.n1.f0$a:
io.grpc.internal.FailingClientStream -> c.a.n1.g0:
    io.grpc.internal.ClientStreamListener$RpcProgress rpcProgress -> d
    io.grpc.Status error -> c
    boolean started -> b
    void start(io.grpc.internal.ClientStreamListener) -> a
io.grpc.internal.FailingClientTransport -> c.a.n1.h0:
    io.grpc.internal.ClientStreamListener$RpcProgress rpcProgress -> b
    io.grpc.Status error -> a
    io.grpc.InternalLogId getLogId() -> a
    io.grpc.internal.ClientStream newStream(io.grpc.MethodDescriptor,io.grpc.Metadata,io.grpc.CallOptions) -> a
io.grpc.internal.ForwardingClientStream -> c.a.n1.i0:
    void cancel(io.grpc.Status) -> a
    void halfClose() -> a
    void setAuthority(java.lang.String) -> a
    void setCompressor(io.grpc.Compressor) -> a
    void setDeadline(io.grpc.Deadline) -> a
    void setDecompressorRegistry(io.grpc.DecompressorRegistry) -> a
    void setFullStreamDecompression(boolean) -> a
    void setMaxOutboundMessageSize(int) -> a
    void start(io.grpc.internal.ClientStreamListener) -> a
    void writeMessage(java.io.InputStream) -> a
    io.grpc.internal.ClientStream delegate() -> b
    void request(int) -> b
    void setMaxInboundMessageSize(int) -> c
io.grpc.internal.ForwardingClientStreamListener -> c.a.n1.j0:
    void closed(io.grpc.Status,io.grpc.Metadata) -> a
    void closed(io.grpc.Status,io.grpc.internal.ClientStreamListener$RpcProgress,io.grpc.Metadata) -> a
    void headersRead(io.grpc.Metadata) -> a
    void messagesAvailable(io.grpc.internal.StreamListener$MessageProducer) -> a
    void onReady() -> a
    io.grpc.internal.ClientStreamListener delegate() -> b
io.grpc.internal.ForwardingConnectionClientTransport -> c.a.n1.k0:
    io.grpc.InternalLogId getLogId() -> a
    io.grpc.internal.ClientStream newStream(io.grpc.MethodDescriptor,io.grpc.Metadata,io.grpc.CallOptions) -> a
    void ping(io.grpc.internal.ClientTransport$PingCallback,java.util.concurrent.Executor) -> a
    void shutdownNow(io.grpc.Status) -> a
    java.lang.Runnable start(io.grpc.internal.ManagedClientTransport$Listener) -> a
    io.grpc.internal.ConnectionClientTransport delegate() -> b
    void shutdown(io.grpc.Status) -> b
io.grpc.internal.ForwardingManagedChannel -> c.a.n1.l0:
    io.grpc.ManagedChannel delegate -> a
    io.grpc.ClientCall newCall(io.grpc.MethodDescriptor,io.grpc.CallOptions) -> a
    java.lang.String authority() -> b
    void enterIdle() -> c
    void resetConnectBackoff() -> d
io.grpc.internal.ForwardingNameResolver -> c.a.n1.m0:
    io.grpc.NameResolver delegate -> a
    void start(io.grpc.NameResolver$Listener2) -> a
    void start(io.grpc.NameResolver$Listener) -> a
    void refresh() -> b
    void shutdown() -> c
io.grpc.internal.ForwardingReadableBuffer -> c.a.n1.n0:
    io.grpc.internal.ReadableBuffer buf -> a
    io.grpc.internal.ReadableBuffer readBytes(int) -> a
    void readBytes(byte[],int,int) -> a
    int readableBytes() -> i
io.grpc.internal.Framer -> c.a.n1.o0:
    boolean isClosed() -> a
    io.grpc.internal.Framer setCompressor(io.grpc.Compressor) -> a
    void setMaxOutboundMessageSize(int) -> a
    void writePayload(java.io.InputStream) -> a